<?xml version="1.0" encoding="UTF-8"?>
<testng-results ignored="0" total="1" passed="1" failed="0" skipped="0">
  <reporter-output>
  </reporter-output>
  <suite started-at="2021-10-22T15:11:14 IST" name="Default suite" finished-at="2021-10-22T15:11:15 IST" duration-ms="77">
    <groups>
    </groups>
    <test started-at="2021-10-22T15:11:14 IST" name="Default test" finished-at="2021-10-22T15:11:15 IST" duration-ms="77">
      <class name="com.crm.org.CmdTest">
        <test-method signature="cmdtest()[pri:0, instance:com.crm.org.CmdTest@3c72f59f]" started-at="2021-10-22T15:11:14 IST" name="cmdtest" finished-at="2021-10-22T15:11:15 IST" duration-ms="17" status="PASS">
          <reporter-output>
          </reporter-output>
        </test-method> <!-- cmdtest -->
      </class> <!-- com.crm.org.CmdTest -->
    </test> <!-- Default test -->
  </suite> <!-- Default suite -->
</testng-results>
